[21:04:45] 
SAMPFUNCS v5.4.1-final rel.21 (SA-MP 0.3.7-R1)
Compiled: Dec 24 2018 03:13:37

Copyright (c) 2013-2018, BlastHack Team <blast.hk>

[21:04:45] Base address: 0x70AD0000.
[21:04:45] Initializing opcodes...
[21:04:45] Opcodes initialized successfully. Total opcodes: 382.
[21:04:45] Hook "CTimer::GetRealTimeScale" installed.
[21:04:45] Hook "CPad::Update" installed.
[21:04:45] Hook "CCamera::RenderMotionBlur" installed.
[21:04:45] Hook "CScriptThread::AddScriptToQueue" installed.
[21:04:45] Hook "CScriptThread::RemoveScriptFromQueue" installed.
[21:04:45] Hook "CScriptThread::Process" installed.
[21:04:45] Hook "WinMainLoop" installed.
[21:04:45] Hook "CLoadingScreen::RenderSplash" installed.
[21:04:45] Hook "CVehicle::CVehicle" installed.
[21:04:45] Hook "CVehicle::~CVehicle" installed.
[21:04:45] Hook "CPed::CPed" installed.
[21:04:45] Hook "CPed::~CPed" installed.
[21:04:45] Initializing plugins...
[21:04:45] SF Plugin "WarningsByRaymond.sf" loaded.
[21:04:46] samp.dll base addres: 0x04510000
[21:04:46] Hook "SAMP: CNetGame::CNetGame" installed.
[21:04:46] Hook "SAMP: CDialog::Close" installed.
[21:04:46] Hook "SAMP: QuitGame" installed.
[21:04:46] Hook "SAMP: CCmdWindow::ProcessInput" installed.
[21:05:03] Direct3DDevice9 hook installed.
[21:05:03] Hook "SAMP: RakPeer::HandleRPCPacket" installed.
[21:05:03] Initializing SAMP data...
[21:05:03] Info initialized.
[21:05:03] Pools initialized.
[21:05:03] Player pool initialized.
[21:05:03] Vehicle pool initialized.
[21:05:03] Chat initialized.
[21:05:03] Input initialized.
[21:05:03] Death list initialized.
[21:05:03] Dialog initialized.
[21:05:03] Misc data initialized.
[21:05:03] Scoreboard initialized.
[21:05:03] RakNet initialized.
[21:05:03] SAMPFUNCS v5.4.1-final rel.21 (SA-MP 0.3.7-R1) completely loaded!
[21:05:03] RegisterCommand Error: Command "OPEN" already exists.
[21:05:03] RegisterCommand Error: Command "FBI" already exists.
[21:05:03] RegisterCommand Error: Command "MEGSP" already exists.
[21:05:03] RegisterCommand Error: Command "MEG" already exists.
[21:05:03] RegisterCommand Error: Command "DOR" already exists.
[21:05:03] RegisterCommand Error: Command "/s Водитель транспортонго средства, немедленно остановитесь...&/s ...прижмитесь к обочине и заглушите двигатель, руки оставьте на руле." length is too long.
[21:05:03] RegisterCommand Error: Command "/m Водитель транспортонго средства, немедленно остановитесь...&/m ...прижмитесь к обочине и заглушите двигатель, руки оставьте на руле.&/m При неподчинении будут предприняты суровые меры по остановке." length is too long.
[21:05:03] RegisterCommand Error: Command "/do В кармане джинс лежит пульт дистанционного управления.&/me достал пульт из кармана джинс и нажатием кнопки активировал его.&Хм... работает." length is too long.
[21:05:03] RegisterCommand Error: Command "/do В кармане джинс лежит пульт дистанционного управления.&/me достал пульт из кармана джинс и нажатием кнопки активировал его.&Хм... работает." length is too long.
[21:42:27] RegisterCommand Error: Command "OPEN" already exists.
[21:42:28] RegisterCommand Error: Command "FBI" already exists.
[21:42:28] RegisterCommand Error: Command "MEGSP" already exists.
[21:42:28] RegisterCommand Error: Command "MEG" already exists.
[21:42:28] RegisterCommand Error: Command "DOR" already exists.
[21:42:28] RegisterCommand Error: Command "/s Водитель транспортонго средства, немедленно остановитесь...&/s ...прижмитесь к обочине и заглушите двигатель, руки оставьте на руле." length is too long.
[21:42:28] RegisterCommand Error: Command "/m Водитель транспортонго средства, немедленно остановитесь...&/m ...прижмитесь к обочине и заглушите двигатель, руки оставьте на руле.&/m При неподчинении будут предприняты суровые меры по остановке." length is too long.
[21:42:28] RegisterCommand Error: Command "/do В кармане джинс лежит пульт дистанционного управления.&/me достал пульт из кармана джинс и нажатием кнопки активировал его.&Хм... работает." length is too long.
[21:42:28] RegisterCommand Error: Command "/do В кармане джинс лежит пульт дистанционного управления.&/me достал пульт из кармана джинс и нажатием кнопки активировал его.&Хм... работает." length is too long.
[21:51:35] RegisterCommand Error: Command "OPEN" already exists.
[21:51:35] RegisterCommand Error: Command "FBI" already exists.
[21:51:35] RegisterCommand Error: Command "MEGSP" already exists.
[21:51:35] RegisterCommand Error: Command "MEG" already exists.
[21:51:35] RegisterCommand Error: Command "DOR" already exists.
[21:51:35] RegisterCommand Error: Command "/s Водитель транспортонго средства, немедленно остановитесь...&/s ...прижмитесь к обочине и заглушите двигатель, руки оставьте на руле." length is too long.
[21:51:35] RegisterCommand Error: Command "/m Водитель транспортонго средства, немедленно остановитесь...&/m ...прижмитесь к обочине и заглушите двигатель, руки оставьте на руле.&/m При неподчинении будут предприняты суровые меры по остановке." length is too long.
[21:51:35] RegisterCommand Error: Command "/do В кармане джинс лежит пульт дистанционного управления.&/me достал пульт из кармана джинс и нажатием кнопки активировал его.&Хм... работает." length is too long.
[21:51:35] RegisterCommand Error: Command "/do В кармане джинс лежит пульт дистанционного управления.&/me достал пульт из кармана джинс и нажатием кнопки активировал его.&Хм... работает." length is too long.
[21:51:35] RegisterCommand Error: Command "OPEN" already exists.
[21:51:35] RegisterCommand Error: Command "FBI" already exists.
[21:51:35] RegisterCommand Error: Command "MEGSP" already exists.
[21:51:35] RegisterCommand Error: Command "MEG" already exists.
[21:51:35] RegisterCommand Error: Command "DOR" already exists.
[21:51:35] RegisterCommand Error: Command "/s Водитель транспортонго средства, немедленно остановитесь...&/s ...прижмитесь к обочине и заглушите двигатель, руки оставьте на руле." length is too long.
[21:51:35] RegisterCommand Error: Command "/m Водитель транспортонго средства, немедленно остановитесь...&/m ...прижмитесь к обочине и заглушите двигатель, руки оставьте на руле.&/m При неподчинении будут предприняты суровые меры по остановке." length is too long.
[21:51:35] RegisterCommand Error: Command "/do В кармане джинс лежит пульт дистанционного управления.&/me достал пульт из кармана джинс и нажатием кнопки активировал его.&Хм... работает." length is too long.
[21:51:35] RegisterCommand Error: Command "/do В кармане джинс лежит пульт дистанционного управления.&/me достал пульт из кармана джинс и нажатием кнопки активировал его.&Хм... работает." length is too long.
[21:51:39] RegisterCommand Error: Command "OPEN" already exists.
[21:51:39] RegisterCommand Error: Command "FBI" already exists.
[21:51:39] RegisterCommand Error: Command "MEGSP" already exists.
[21:51:39] RegisterCommand Error: Command "MEG" already exists.
[21:51:39] RegisterCommand Error: Command "DOR" already exists.
[21:51:39] RegisterCommand Error: Command "/s Водитель транспортонго средства, немедленно остановитесь...&/s ...прижмитесь к обочине и заглушите двигатель, руки оставьте на руле." length is too long.
[21:51:39] RegisterCommand Error: Command "/m Водитель транспортонго средства, немедленно остановитесь...&/m ...прижмитесь к обочине и заглушите двигатель, руки оставьте на руле.&/m При неподчинении будут предприняты суровые меры по остановке." length is too long.
[21:51:39] RegisterCommand Error: Command "/do В кармане джинс лежит пульт дистанционного управления.&/me достал пульт из кармана джинс и нажатием кнопки активировал его.&Хм... работает." length is too long.
[21:51:39] RegisterCommand Error: Command "/do В кармане джинс лежит пульт дистанционного управления.&/me достал пульт из кармана джинс и нажатием кнопки активировал его.&Хм... работает." length is too long.
[21:52:23] RegisterCommand Error: Command "OPEN" already exists.
[21:52:23] RegisterCommand Error: Command "FBI" already exists.
[21:52:23] RegisterCommand Error: Command "MEGSP" already exists.
[21:52:23] RegisterCommand Error: Command "MEG" already exists.
[21:52:23] RegisterCommand Error: Command "DOR" already exists.
[21:52:23] RegisterCommand Error: Command "/s Водитель транспортонго средства, немедленно остановитесь...&/s ...прижмитесь к обочине и заглушите двигатель, руки оставьте на руле." length is too long.
[21:52:23] RegisterCommand Error: Command "/m Водитель транспортонго средства, немедленно остановитесь...&/m ...прижмитесь к обочине и заглушите двигатель, руки оставьте на руле.&/m При неподчинении будут предприняты суровые меры по остановке." length is too long.
[21:52:23] RegisterCommand Error: Command "/do В кармане джинс лежит пульт дистанционного управления.&/me достал пульт из кармана джинс и нажатием кнопки активировал его.&Хм... работает." length is too long.
[21:52:23] RegisterCommand Error: Command "/do В кармане джинс лежит пульт дистанционного управления.&/me достал пульт из кармана джинс и нажатием кнопки активировал его.&Хм... работает." length is too long.
[21:53:10] RegisterCommand Error: Command "OPEN" already exists.
[21:53:10] RegisterCommand Error: Command "FBI" already exists.
[21:53:10] RegisterCommand Error: Command "MEGSP" already exists.
[21:53:10] RegisterCommand Error: Command "MEG" already exists.
[21:53:10] RegisterCommand Error: Command "DOR" already exists.
[21:53:10] RegisterCommand Error: Command "/s Водитель транспортонго средства, немедленно остановитесь...&/s ...прижмитесь к обочине и заглушите двигатель, руки оставьте на руле." length is too long.
[21:53:10] RegisterCommand Error: Command "/m Водитель транспортонго средства, немедленно остановитесь...&/m ...прижмитесь к обочине и заглушите двигатель, руки оставьте на руле.&/m При неподчинении будут предприняты суровые меры по остановке." length is too long.
[21:53:10] RegisterCommand Error: Command "/do В кармане джинс лежит пульт дистанционного управления.&/me достал пульт из кармана джинс и нажатием кнопки активировал его.&Хм... работает." length is too long.
[21:53:10] RegisterCommand Error: Command "/do В кармане джинс лежит пульт дистанционного управления.&/me достал пульт из кармана джинс и нажатием кнопки активировал его.&Хм... работает." length is too long.
[21:53:51] RegisterCommand Error: Command "OPEN" already exists.
[21:53:51] RegisterCommand Error: Command "FBI" already exists.
[21:53:51] RegisterCommand Error: Command "MEGSP" already exists.
[21:53:51] RegisterCommand Error: Command "MEG" already exists.
[21:53:51] RegisterCommand Error: Command "DOR" already exists.
[21:53:51] RegisterCommand Error: Command "/s Водитель транспортонго средства, немедленно остановитесь...&/s ...прижмитесь к обочине и заглушите двигатель, руки оставьте на руле." length is too long.
[21:53:51] RegisterCommand Error: Command "/m Водитель транспортонго средства, немедленно остановитесь...&/m ...прижмитесь к обочине и заглушите двигатель, руки оставьте на руле.&/m При неподчинении будут предприняты суровые меры по остановке." length is too long.
[21:53:51] RegisterCommand Error: Command "/do В кармане джинс лежит пульт дистанционного управления.&/me достал пульт из кармана джинс и нажатием кнопки активировал его.&Хм... работает." length is too long.
[21:53:51] RegisterCommand Error: Command "/do В кармане джинс лежит пульт дистанционного управления.&/me достал пульт из кармана джинс и нажатием кнопки активировал его.&Хм... работает." length is too long.
[21:54:17] RegisterCommand Error: Command "OPEN" already exists.
[21:54:17] RegisterCommand Error: Command "FBI" already exists.
[21:54:17] RegisterCommand Error: Command "MEGSP" already exists.
[21:54:17] RegisterCommand Error: Command "MEG" already exists.
[21:54:17] RegisterCommand Error: Command "DOR" already exists.
[21:54:17] RegisterCommand Error: Command "/s Водитель транспортонго средства, немедленно остановитесь...&/s ...прижмитесь к обочине и заглушите двигатель, руки оставьте на руле." length is too long.
[21:54:17] RegisterCommand Error: Command "/m Водитель транспортонго средства, немедленно остановитесь...&/m ...прижмитесь к обочине и заглушите двигатель, руки оставьте на руле.&/m При неподчинении будут предприняты суровые меры по остановке." length is too long.
[21:54:17] RegisterCommand Error: Command "/do В кармане джинс лежит пульт дистанционного управления.&/me достал пульт из кармана джинс и нажатием кнопки активировал его.&Хм... работает." length is too long.
[21:54:17] RegisterCommand Error: Command "/do В кармане джинс лежит пульт дистанционного управления.&/me достал пульт из кармана джинс и нажатием кнопки активировал его.&Хм... работает." length is too long.
[21:54:46] RegisterCommand Error: Command "OPEN" already exists.
[21:54:46] RegisterCommand Error: Command "FBI" already exists.
[21:54:46] RegisterCommand Error: Command "MEGSP" already exists.
[21:54:46] RegisterCommand Error: Command "MEG" already exists.
[21:54:46] RegisterCommand Error: Command "DOR" already exists.
[21:54:46] RegisterCommand Error: Command "/s Водитель транспортонго средства, немедленно остановитесь...&/s ...прижмитесь к обочине и заглушите двигатель, руки оставьте на руле." length is too long.
[21:54:46] RegisterCommand Error: Command "/m Водитель транспортонго средства, немедленно остановитесь...&/m ...прижмитесь к обочине и заглушите двигатель, руки оставьте на руле.&/m При неподчинении будут предприняты суровые меры по остановке." length is too long.
[21:54:46] RegisterCommand Error: Command "/do В кармане джинс лежит пульт дистанционного управления.&/me достал пульт из кармана джинс и нажатием кнопки активировал его.&Хм... работает." length is too long.
[21:54:46] RegisterCommand Error: Command "/do В кармане джинс лежит пульт дистанционного управления.&/me достал пульт из кармана джинс и нажатием кнопки активировал его.&Хм... работает." length is too long.
[21:54:58] RegisterCommand Error: Command "OPEN" already exists.
[21:54:58] RegisterCommand Error: Command "FBI" already exists.
[21:54:58] RegisterCommand Error: Command "MEGSP" already exists.
[21:54:58] RegisterCommand Error: Command "MEG" already exists.
[21:54:58] RegisterCommand Error: Command "DOR" already exists.
[21:54:58] RegisterCommand Error: Command "/s Водитель транспортонго средства, немедленно остановитесь...&/s ...прижмитесь к обочине и заглушите двигатель, руки оставьте на руле." length is too long.
[21:54:58] RegisterCommand Error: Command "/m Водитель транспортонго средства, немедленно остановитесь...&/m ...прижмитесь к обочине и заглушите двигатель, руки оставьте на руле.&/m При неподчинении будут предприняты суровые меры по остановке." length is too long.
[21:54:58] RegisterCommand Error: Command "/do В кармане джинс лежит пульт дистанционного управления.&/me достал пульт из кармана джинс и нажатием кнопки активировал его.&Хм... работает." length is too long.
[21:54:58] RegisterCommand Error: Command "/do В кармане джинс лежит пульт дистанционного управления.&/me достал пульт из кармана джинс и нажатием кнопки активировал его.&Хм... работает." length is too long.
[21:55:54] RegisterCommand Error: Command "OPEN" already exists.
[21:55:54] RegisterCommand Error: Command "FBI" already exists.
[21:55:54] RegisterCommand Error: Command "MEGSP" already exists.
[21:55:54] RegisterCommand Error: Command "MEG" already exists.
[21:55:54] RegisterCommand Error: Command "DOR" already exists.
[21:55:54] RegisterCommand Error: Command "/s Водитель транспортонго средства, немедленно остановитесь...&/s ...прижмитесь к обочине и заглушите двигатель, руки оставьте на руле." length is too long.
[21:55:54] RegisterCommand Error: Command "/m Водитель транспортонго средства, немедленно остановитесь...&/m ...прижмитесь к обочине и заглушите двигатель, руки оставьте на руле.&/m При неподчинении будут предприняты суровые меры по остановке." length is too long.
[21:55:54] RegisterCommand Error: Command "/do В кармане джинс лежит пульт дистанционного управления.&/me достал пульт из кармана джинс и нажатием кнопки активировал его.&Хм... работает." length is too long.
[21:55:54] RegisterCommand Error: Command "/do В кармане джинс лежит пульт дистанционного управления.&/me достал пульт из кармана джинс и нажатием кнопки активировал его.&Хм... работает." length is too long.
[21:57:03] RegisterCommand Error: Command "OPEN" already exists.
[21:57:03] RegisterCommand Error: Command "FBI" already exists.
[21:57:03] RegisterCommand Error: Command "MEGSP" already exists.
[21:57:03] RegisterCommand Error: Command "MEG" already exists.
[21:57:03] RegisterCommand Error: Command "DOR" already exists.
[21:57:03] RegisterCommand Error: Command "/s Водитель транспортонго средства, немедленно остановитесь...&/s ...прижмитесь к обочине и заглушите двигатель, руки оставьте на руле." length is too long.
[21:57:03] RegisterCommand Error: Command "/m Водитель транспортонго средства, немедленно остановитесь...&/m ...прижмитесь к обочине и заглушите двигатель, руки оставьте на руле.&/m При неподчинении будут предприняты суровые меры по остановке." length is too long.
[21:57:03] RegisterCommand Error: Command "/do В кармане джинс лежит пульт дистанционного управления.&/me достал пульт из кармана джинс и нажатием кнопки активировал его.&Хм... работает." length is too long.
[21:57:03] RegisterCommand Error: Command "/do В кармане джинс лежит пульт дистанционного управления.&/me достал пульт из кармана джинс и нажатием кнопки активировал его.&Хм... работает." length is too long.
[21:57:45] RegisterCommand Error: Command "OPEN" already exists.
[21:57:45] RegisterCommand Error: Command "FBI" already exists.
[21:57:45] RegisterCommand Error: Command "MEGSP" already exists.
[21:57:45] RegisterCommand Error: Command "MEG" already exists.
[21:57:45] RegisterCommand Error: Command "DOR" already exists.
[21:57:45] RegisterCommand Error: Command "/s Водитель транспортонго средства, немедленно остановитесь...&/s ...прижмитесь к обочине и заглушите двигатель, руки оставьте на руле." length is too long.
[21:57:45] RegisterCommand Error: Command "/m Водитель транспортонго средства, немедленно остановитесь...&/m ...прижмитесь к обочине и заглушите двигатель, руки оставьте на руле.&/m При неподчинении будут предприняты суровые меры по остановке." length is too long.
[21:57:45] RegisterCommand Error: Command "/do В кармане джинс лежит пульт дистанционного управления.&/me достал пульт из кармана джинс и нажатием кнопки активировал его.&Хм... работает." length is too long.
[21:57:45] RegisterCommand Error: Command "/do В кармане джинс лежит пульт дистанционного управления.&/me достал пульт из кармана джинс и нажатием кнопки активировал его.&Хм... работает." length is too long.
[21:57:59] RegisterCommand Error: Command "OPEN" already exists.
[21:57:59] RegisterCommand Error: Command "FBI" already exists.
[21:57:59] RegisterCommand Error: Command "MEGSP" already exists.
[21:57:59] RegisterCommand Error: Command "MEG" already exists.
[21:57:59] RegisterCommand Error: Command "DOR" already exists.
[21:57:59] RegisterCommand Error: Command "/s Водитель транспортонго средства, немедленно остановитесь...&/s ...прижмитесь к обочине и заглушите двигатель, руки оставьте на руле." length is too long.
[21:57:59] RegisterCommand Error: Command "/m Водитель транспортонго средства, немедленно остановитесь...&/m ...прижмитесь к обочине и заглушите двигатель, руки оставьте на руле.&/m При неподчинении будут предприняты суровые меры по остановке." length is too long.
[21:57:59] RegisterCommand Error: Command "/do В кармане джинс лежит пульт дистанционного управления.&/me достал пульт из кармана джинс и нажатием кнопки активировал его.&Хм... работает." length is too long.
[21:57:59] RegisterCommand Error: Command "/do В кармане джинс лежит пульт дистанционного управления.&/me достал пульт из кармана джинс и нажатием кнопки активировал его.&Хм... работает." length is too long.
[21:58:09] RegisterCommand Error: Command "OPEN" already exists.
[21:58:09] RegisterCommand Error: Command "FBI" already exists.
[21:58:09] RegisterCommand Error: Command "MEGSP" already exists.
[21:58:09] RegisterCommand Error: Command "MEG" already exists.
[21:58:09] RegisterCommand Error: Command "DOR" already exists.
[21:58:09] RegisterCommand Error: Command "/s Водитель транспортонго средства, немедленно остановитесь...&/s ...прижмитесь к обочине и заглушите двигатель, руки оставьте на руле." length is too long.
[21:58:09] RegisterCommand Error: Command "/m Водитель транспортонго средства, немедленно остановитесь...&/m ...прижмитесь к обочине и заглушите двигатель, руки оставьте на руле.&/m При неподчинении будут предприняты суровые меры по остановке." length is too long.
[21:58:09] RegisterCommand Error: Command "/do В кармане джинс лежит пульт дистанционного управления.&/me достал пульт из кармана джинс и нажатием кнопки активировал его.&Хм... работает." length is too long.
[21:58:09] RegisterCommand Error: Command "/do В кармане джинс лежит пульт дистанционного управления.&/me достал пульт из кармана джинс и нажатием кнопки активировал его.&Хм... работает." length is too long.
[21:59:13] RegisterCommand Error: Command "OPEN" already exists.
[21:59:13] RegisterCommand Error: Command "FBI" already exists.
[21:59:13] RegisterCommand Error: Command "MEGSP" already exists.
[21:59:13] RegisterCommand Error: Command "MEG" already exists.
[21:59:13] RegisterCommand Error: Command "DOR" already exists.
[21:59:13] RegisterCommand Error: Command "/s Водитель транспортонго средства, немедленно остановитесь...&/s ...прижмитесь к обочине и заглушите двигатель, руки оставьте на руле." length is too long.
[21:59:13] RegisterCommand Error: Command "/m Водитель транспортонго средства, немедленно остановитесь...&/m ...прижмитесь к обочине и заглушите двигатель, руки оставьте на руле.&/m При неподчинении будут предприняты суровые меры по остановке." length is too long.
[21:59:13] RegisterCommand Error: Command "/do В кармане джинс лежит пульт дистанционного управления.&/me достал пульт из кармана джинс и нажатием кнопки активировал его.&Хм... работает." length is too long.
[21:59:13] RegisterCommand Error: Command "/do В кармане джинс лежит пульт дистанционного управления.&/me достал пульт из кармана джинс и нажатием кнопки активировал его.&Хм... работает." length is too long.
[21:59:24] RegisterCommand Error: Command "OPEN" already exists.
[21:59:24] RegisterCommand Error: Command "FBI" already exists.
[21:59:24] RegisterCommand Error: Command "MEGSP" already exists.
[21:59:24] RegisterCommand Error: Command "MEG" already exists.
[21:59:24] RegisterCommand Error: Command "DOR" already exists.
[21:59:24] RegisterCommand Error: Command "/s Водитель транспортонго средства, немедленно остановитесь...&/s ...прижмитесь к обочине и заглушите двигатель, руки оставьте на руле." length is too long.
[21:59:24] RegisterCommand Error: Command "/m Водитель транспортонго средства, немедленно остановитесь...&/m ...прижмитесь к обочине и заглушите двигатель, руки оставьте на руле.&/m При неподчинении будут предприняты суровые меры по остановке." length is too long.
[21:59:24] RegisterCommand Error: Command "/do В кармане джинс лежит пульт дистанционного управления.&/me достал пульт из кармана джинс и нажатием кнопки активировал его.&Хм... работает." length is too long.
[21:59:24] RegisterCommand Error: Command "/do В кармане джинс лежит пульт дистанционного управления.&/me достал пульт из кармана джинс и нажатием кнопки активировал его.&Хм... работает." length is too long.
[22:00:10] RegisterCommand Error: Command "OPEN" already exists.
[22:00:10] RegisterCommand Error: Command "FBI" already exists.
[22:00:10] RegisterCommand Error: Command "MEGSP" already exists.
[22:00:10] RegisterCommand Error: Command "MEG" already exists.
[22:00:10] RegisterCommand Error: Command "DOR" already exists.
[22:00:10] RegisterCommand Error: Command "/s Водитель транспортонго средства, немедленно остановитесь...&/s ...прижмитесь к обочине и заглушите двигатель, руки оставьте на руле." length is too long.
[22:00:10] RegisterCommand Error: Command "/m Водитель транспортонго средства, немедленно остановитесь...&/m ...прижмитесь к обочине и заглушите двигатель, руки оставьте на руле.&/m При неподчинении будут предприняты суровые меры по остановке." length is too long.
[22:00:10] RegisterCommand Error: Command "/do В кармане джинс лежит пульт дистанционного управления.&/me достал пульт из кармана джинс и нажатием кнопки активировал его.&Хм... работает." length is too long.
[22:00:10] RegisterCommand Error: Command "/do В кармане джинс лежит пульт дистанционного управления.&/me достал пульт из кармана джинс и нажатием кнопки активировал его.&Хм... работает." length is too long.
[22:00:27] RegisterCommand Error: Command "OPEN" already exists.
[22:00:27] RegisterCommand Error: Command "FBI" already exists.
[22:00:27] RegisterCommand Error: Command "MEGSP" already exists.
[22:00:27] RegisterCommand Error: Command "MEG" already exists.
[22:00:27] RegisterCommand Error: Command "DOR" already exists.
[22:00:27] RegisterCommand Error: Command "/s Водитель транспортонго средства, немедленно остановитесь...&/s ...прижмитесь к обочине и заглушите двигатель, руки оставьте на руле." length is too long.
[22:00:27] RegisterCommand Error: Command "/m Водитель транспортонго средства, немедленно остановитесь...&/m ...прижмитесь к обочине и заглушите двигатель, руки оставьте на руле.&/m При неподчинении будут предприняты суровые меры по остановке." length is too long.
[22:00:27] RegisterCommand Error: Command "/do В кармане джинс лежит пульт дистанционного управления.&/me достал пульт из кармана джинс и нажатием кнопки активировал его.&Хм... работает." length is too long.
[22:00:27] RegisterCommand Error: Command "/do В кармане джинс лежит пульт дистанционного управления.&/me достал пульт из кармана джинс и нажатием кнопки активировал его.&Хм... работает." length is too long.
[22:01:30] RegisterCommand Error: Command "OPEN" already exists.
[22:01:30] RegisterCommand Error: Command "FBI" already exists.
[22:01:30] RegisterCommand Error: Command "MEGSP" already exists.
[22:01:30] RegisterCommand Error: Command "MEG" already exists.
[22:01:30] RegisterCommand Error: Command "DOR" already exists.
[22:01:30] RegisterCommand Error: Command "/s Водитель транспортонго средства, немедленно остановитесь...&/s ...прижмитесь к обочине и заглушите двигатель, руки оставьте на руле." length is too long.
[22:01:30] RegisterCommand Error: Command "/m Водитель транспортонго средства, немедленно остановитесь...&/m ...прижмитесь к обочине и заглушите двигатель, руки оставьте на руле.&/m При неподчинении будут предприняты суровые меры по остановке." length is too long.
[22:01:30] RegisterCommand Error: Command "/do В кармане джинс лежит пульт дистанционного управления.&/me достал пульт из кармана джинс и нажатием кнопки активировал его.&Хм... работает." length is too long.
[22:01:30] RegisterCommand Error: Command "/do В кармане джинс лежит пульт дистанционного управления.&/me достал пульт из кармана джинс и нажатием кнопки активировал его.&Хм... работает." length is too long.
[22:02:17] RegisterCommand Error: Command "OPEN" already exists.
[22:02:17] RegisterCommand Error: Command "FBI" already exists.
[22:02:17] RegisterCommand Error: Command "MEGSP" already exists.
[22:02:17] RegisterCommand Error: Command "MEG" already exists.
[22:02:17] RegisterCommand Error: Command "DOR" already exists.
[22:02:17] RegisterCommand Error: Command "/s Водитель транспортонго средства, немедленно остановитесь...&/s ...прижмитесь к обочине и заглушите двигатель, руки оставьте на руле." length is too long.
[22:02:17] RegisterCommand Error: Command "/m Водитель транспортонго средства, немедленно остановитесь...&/m ...прижмитесь к обочине и заглушите двигатель, руки оставьте на руле.&/m При неподчинении будут предприняты суровые меры по остановке." length is too long.
[22:02:17] RegisterCommand Error: Command "/do В кармане джинс лежит пульт дистанционного управления.&/me достал пульт из кармана джинс и нажатием кнопки активировал его.&Хм... работает." length is too long.
[22:02:17] RegisterCommand Error: Command "/do В кармане джинс лежит пульт дистанционного управления.&/me достал пульт из кармана джинс и нажатием кнопки активировал его.&Хм... работает." length is too long.
[22:02:33] RegisterCommand Error: Command "OPEN" already exists.
[22:02:33] RegisterCommand Error: Command "FBI" already exists.
[22:02:33] RegisterCommand Error: Command "MEGSP" already exists.
[22:02:33] RegisterCommand Error: Command "MEG" already exists.
[22:02:33] RegisterCommand Error: Command "DOR" already exists.
[22:02:33] RegisterCommand Error: Command "/s Водитель транспортонго средства, немедленно остановитесь...&/s ...прижмитесь к обочине и заглушите двигатель, руки оставьте на руле." length is too long.
[22:02:33] RegisterCommand Error: Command "/m Водитель транспортонго средства, немедленно остановитесь...&/m ...прижмитесь к обочине и заглушите двигатель, руки оставьте на руле.&/m При неподчинении будут предприняты суровые меры по остановке." length is too long.
[22:02:33] RegisterCommand Error: Command "/do В кармане джинс лежит пульт дистанционного управления.&/me достал пульт из кармана джинс и нажатием кнопки активировал его.&Хм... работает." length is too long.
[22:02:33] RegisterCommand Error: Command "/do В кармане джинс лежит пульт дистанционного управления.&/me достал пульт из кармана джинс и нажатием кнопки активировал его.&Хм... работает." length is too long.
[22:03:10] RegisterCommand Error: Command "OPEN" already exists.
[22:03:10] RegisterCommand Error: Command "FBI" already exists.
[22:03:10] RegisterCommand Error: Command "MEGSP" already exists.
[22:03:10] RegisterCommand Error: Command "MEG" already exists.
[22:03:10] RegisterCommand Error: Command "DOR" already exists.
[22:03:10] RegisterCommand Error: Command "/s Водитель транспортонго средства, немедленно остановитесь...&/s ...прижмитесь к обочине и заглушите двигатель, руки оставьте на руле." length is too long.
[22:03:10] RegisterCommand Error: Command "/m Водитель транспортонго средства, немедленно остановитесь...&/m ...прижмитесь к обочине и заглушите двигатель, руки оставьте на руле.&/m При неподчинении будут предприняты суровые меры по остановке." length is too long.
[22:03:10] RegisterCommand Error: Command "/do В кармане джинс лежит пульт дистанционного управления.&/me достал пульт из кармана джинс и нажатием кнопки активировал его.&Хм... работает." length is too long.
[22:03:10] RegisterCommand Error: Command "/do В кармане джинс лежит пульт дистанционного управления.&/me достал пульт из кармана джинс и нажатием кнопки активировал его.&Хм... работает." length is too long.
[22:04:11] RegisterCommand Error: Command "OPEN" already exists.
[22:04:11] RegisterCommand Error: Command "FBI" already exists.
[22:04:11] RegisterCommand Error: Command "MEGSP" already exists.
[22:04:11] RegisterCommand Error: Command "MEG" already exists.
[22:04:11] RegisterCommand Error: Command "DOR" already exists.
[22:04:11] RegisterCommand Error: Command "/s Водитель транспортонго средства, немедленно остановитесь...&/s ...прижмитесь к обочине и заглушите двигатель, руки оставьте на руле." length is too long.
[22:04:11] RegisterCommand Error: Command "/m Водитель транспортонго средства, немедленно остановитесь...&/m ...прижмитесь к обочине и заглушите двигатель, руки оставьте на руле.&/m При неподчинении будут предприняты суровые меры по остановке." length is too long.
[22:04:11] RegisterCommand Error: Command "/do В кармане джинс лежит пульт дистанционного управления.&/me достал пульт из кармана джинс и нажатием кнопки активировал его.&Хм... работает." length is too long.
[22:04:11] RegisterCommand Error: Command "/do В кармане джинс лежит пульт дистанционного управления.&/me достал пульт из кармана джинс и нажатием кнопки активировал его.&Хм... работает." length is too long.
[22:08:03] RegisterCommand Error: Command "OPEN" already exists.
[22:08:03] RegisterCommand Error: Command "FBI" already exists.
[22:08:03] RegisterCommand Error: Command "MEGSP" already exists.
[22:08:03] RegisterCommand Error: Command "MEG" already exists.
[22:08:03] RegisterCommand Error: Command "DOR" already exists.
[22:08:03] RegisterCommand Error: Command "/s Водитель транспортонго средства, немедленно остановитесь...&/s ...прижмитесь к обочине и заглушите двигатель, руки оставьте на руле." length is too long.
[22:08:03] RegisterCommand Error: Command "/m Водитель транспортонго средства, немедленно остановитесь...&/m ...прижмитесь к обочине и заглушите двигатель, руки оставьте на руле.&/m При неподчинении будут предприняты суровые меры по остановке." length is too long.
[22:08:03] RegisterCommand Error: Command "/do В кармане джинс лежит пульт дистанционного управления.&/me достал пульт из кармана джинс и нажатием кнопки активировал его.&Хм... работает." length is too long.
[22:08:03] RegisterCommand Error: Command "/do В кармане джинс лежит пульт дистанционного управления.&/me достал пульт из кармана джинс и нажатием кнопки активировал его.&Хм... работает." length is too long.
[22:09:50] RegisterCommand Error: Command "OPEN" already exists.
[22:09:50] RegisterCommand Error: Command "FBI" already exists.
[22:09:50] RegisterCommand Error: Command "MEGSP" already exists.
[22:09:50] RegisterCommand Error: Command "MEG" already exists.
[22:09:50] RegisterCommand Error: Command "DOR" already exists.
[22:09:50] RegisterCommand Error: Command "/s Водитель транспортонго средства, немедленно остановитесь...&/s ...прижмитесь к обочине и заглушите двигатель, руки оставьте на руле." length is too long.
[22:09:50] RegisterCommand Error: Command "/m Водитель транспортонго средства, немедленно остановитесь...&/m ...прижмитесь к обочине и заглушите двигатель, руки оставьте на руле.&/m При неподчинении будут предприняты суровые меры по остановке." length is too long.
[22:09:50] RegisterCommand Error: Command "/do В кармане джинс лежит пульт дистанционного управления.&/me достал пульт из кармана джинс и нажатием кнопки активировал его.&Хм... работает." length is too long.
[22:09:50] RegisterCommand Error: Command "/do В кармане джинс лежит пульт дистанционного управления.&/me достал пульт из кармана джинс и нажатием кнопки активировал его.&Хм... работает." length is too long.
[22:10:07] RegisterCommand Error: Command "OPEN" already exists.
[22:10:07] RegisterCommand Error: Command "FBI" already exists.
[22:10:07] RegisterCommand Error: Command "MEGSP" already exists.
[22:10:07] RegisterCommand Error: Command "MEG" already exists.
[22:10:07] RegisterCommand Error: Command "DOR" already exists.
[22:10:07] RegisterCommand Error: Command "/s Водитель транспортонго средства, немедленно остановитесь...&/s ...прижмитесь к обочине и заглушите двигатель, руки оставьте на руле." length is too long.
[22:10:07] RegisterCommand Error: Command "/m Водитель транспортонго средства, немедленно остановитесь...&/m ...прижмитесь к обочине и заглушите двигатель, руки оставьте на руле.&/m При неподчинении будут предприняты суровые меры по остановке." length is too long.
[22:10:07] RegisterCommand Error: Command "/do В кармане джинс лежит пульт дистанционного управления.&/me достал пульт из кармана джинс и нажатием кнопки активировал его.&Хм... работает." length is too long.
[22:10:07] RegisterCommand Error: Command "/do В кармане джинс лежит пульт дистанционного управления.&/me достал пульт из кармана джинс и нажатием кнопки активировал его.&Хм... работает." length is too long.
[22:10:22] RegisterCommand Error: Command "OPEN" already exists.
[22:10:22] RegisterCommand Error: Command "FBI" already exists.
[22:10:22] RegisterCommand Error: Command "MEGSP" already exists.
[22:10:22] RegisterCommand Error: Command "MEG" already exists.
[22:10:22] RegisterCommand Error: Command "DOR" already exists.
[22:10:22] RegisterCommand Error: Command "/s Водитель транспортонго средства, немедленно остановитесь...&/s ...прижмитесь к обочине и заглушите двигатель, руки оставьте на руле." length is too long.
[22:10:22] RegisterCommand Error: Command "/m Водитель транспортонго средства, немедленно остановитесь...&/m ...прижмитесь к обочине и заглушите двигатель, руки оставьте на руле.&/m При неподчинении будут предприняты суровые меры по остановке." length is too long.
[22:10:22] RegisterCommand Error: Command "/do В кармане джинс лежит пульт дистанционного управления.&/me достал пульт из кармана джинс и нажатием кнопки активировал его.&Хм... работает." length is too long.
[22:10:22] RegisterCommand Error: Command "/do В кармане джинс лежит пульт дистанционного управления.&/me достал пульт из кармана джинс и нажатием кнопки активировал его.&Хм... работает." length is too long.
[22:10:41] RegisterCommand Error: Command "OPEN" already exists.
[22:10:41] RegisterCommand Error: Command "FBI" already exists.
[22:10:41] RegisterCommand Error: Command "MEGSP" already exists.
[22:10:41] RegisterCommand Error: Command "MEG" already exists.
[22:10:41] RegisterCommand Error: Command "DOR" already exists.
[22:10:41] RegisterCommand Error: Command "/s Водитель транспортонго средства, немедленно остановитесь...&/s ...прижмитесь к обочине и заглушите двигатель, руки оставьте на руле." length is too long.
[22:10:41] RegisterCommand Error: Command "/m Водитель транспортонго средства, немедленно остановитесь...&/m ...прижмитесь к обочине и заглушите двигатель, руки оставьте на руле.&/m При неподчинении будут предприняты суровые меры по остановке." length is too long.
[22:10:41] RegisterCommand Error: Command "/do В кармане джинс лежит пульт дистанционного управления.&/me достал пульт из кармана джинс и нажатием кнопки активировал его.&Хм... работает." length is too long.
[22:10:41] RegisterCommand Error: Command "/do В кармане джинс лежит пульт дистанционного управления.&/me достал пульт из кармана джинс и нажатием кнопки активировал его.&Хм... работает." length is too long.
[22:13:49] RegisterCommand Error: Command "OPEN" already exists.
[22:13:49] RegisterCommand Error: Command "FBI" already exists.
[22:13:49] RegisterCommand Error: Command "MEGSP" already exists.
[22:13:49] RegisterCommand Error: Command "MEG" already exists.
[22:13:49] RegisterCommand Error: Command "DOR" already exists.
[22:13:49] RegisterCommand Error: Command "/s Водитель транспортонго средства, немедленно остановитесь...&/s ...прижмитесь к обочине и заглушите двигатель, руки оставьте на руле." length is too long.
[22:13:49] RegisterCommand Error: Command "/m Водитель транспортонго средства, немедленно остановитесь...&/m ...прижмитесь к обочине и заглушите двигатель, руки оставьте на руле.&/m При неподчинении будут предприняты суровые меры по остановке." length is too long.
[22:13:49] RegisterCommand Error: Command "/do В кармане джинс лежит пульт дистанционного управления.&/me достал пульт из кармана джинс и нажатием кнопки активировал его.&Хм... работает." length is too long.
[22:13:49] RegisterCommand Error: Command "/do В кармане джинс лежит пульт дистанционного управления.&/me достал пульт из кармана джинс и нажатием кнопки активировал его.&Хм... работает." length is too long.
[22:14:07] RegisterCommand Error: Command "OPEN" already exists.
[22:14:07] RegisterCommand Error: Command "FBI" already exists.
[22:14:07] RegisterCommand Error: Command "MEGSP" already exists.
[22:14:07] RegisterCommand Error: Command "MEG" already exists.
[22:14:07] RegisterCommand Error: Command "DOR" already exists.
[22:14:07] RegisterCommand Error: Command "/s Водитель транспортонго средства, немедленно остановитесь...&/s ...прижмитесь к обочине и заглушите двигатель, руки оставьте на руле." length is too long.
[22:14:07] RegisterCommand Error: Command "/m Водитель транспортонго средства, немедленно остановитесь...&/m ...прижмитесь к обочине и заглушите двигатель, руки оставьте на руле.&/m При неподчинении будут предприняты суровые меры по остановке." length is too long.
[22:14:07] RegisterCommand Error: Command "/do В кармане джинс лежит пульт дистанционного управления.&/me достал пульт из кармана джинс и нажатием кнопки активировал его.&Хм... работает." length is too long.
[22:14:07] RegisterCommand Error: Command "/do В кармане джинс лежит пульт дистанционного управления.&/me достал пульт из кармана джинс и нажатием кнопки активировал его.&Хм... работает." length is too long.
[22:16:31] RegisterCommand Error: Command "OPEN" already exists.
[22:16:31] RegisterCommand Error: Command "FBI" already exists.
[22:16:31] RegisterCommand Error: Command "MEGSP" already exists.
[22:16:31] RegisterCommand Error: Command "MEG" already exists.
[22:16:31] RegisterCommand Error: Command "DOR" already exists.
[22:16:31] RegisterCommand Error: Command "/s Водитель транспортонго средства, немедленно остановитесь...&/s ...прижмитесь к обочине и заглушите двигатель, руки оставьте на руле." length is too long.
[22:16:31] RegisterCommand Error: Command "/m Водитель транспортонго средства, немедленно остановитесь...&/m ...прижмитесь к обочине и заглушите двигатель, руки оставьте на руле.&/m При неподчинении будут предприняты суровые меры по остановке." length is too long.
[22:16:31] RegisterCommand Error: Command "/do В кармане джинс лежит пульт дистанционного управления.&/me достал пульт из кармана джинс и нажатием кнопки активировал его.&Хм... работает." length is too long.
[22:16:31] RegisterCommand Error: Command "/do В кармане джинс лежит пульт дистанционного управления.&/me достал пульт из кармана джинс и нажатием кнопки активировал его.&Хм... работает." length is too long.
[22:17:27] RegisterCommand Error: Command "OPEN" already exists.
[22:17:27] RegisterCommand Error: Command "FBI" already exists.
[22:17:27] RegisterCommand Error: Command "MEGSP" already exists.
[22:17:27] RegisterCommand Error: Command "MEG" already exists.
[22:17:27] RegisterCommand Error: Command "DOR" already exists.
[22:17:27] RegisterCommand Error: Command "/s Водитель транспортонго средства, немедленно остановитесь...&/s ...прижмитесь к обочине и заглушите двигатель, руки оставьте на руле." length is too long.
[22:17:27] RegisterCommand Error: Command "/m Водитель транспортонго средства, немедленно остановитесь...&/m ...прижмитесь к обочине и заглушите двигатель, руки оставьте на руле.&/m При неподчинении будут предприняты суровые меры по остановке." length is too long.
[22:17:27] RegisterCommand Error: Command "/do В кармане джинс лежит пульт дистанционного управления.&/me достал пульт из кармана джинс и нажатием кнопки активировал его.&Хм... работает." length is too long.
[22:17:27] RegisterCommand Error: Command "/do В кармане джинс лежит пульт дистанционного управления.&/me достал пульт из кармана джинс и нажатием кнопки активировал его.&Хм... работает." length is too long.
[22:17:56] RegisterCommand Error: Command "OPEN" already exists.
[22:17:56] RegisterCommand Error: Command "FBI" already exists.
[22:17:56] RegisterCommand Error: Command "MEGSP" already exists.
[22:17:56] RegisterCommand Error: Command "MEG" already exists.
[22:17:56] RegisterCommand Error: Command "DOR" already exists.
[22:17:56] RegisterCommand Error: Command "/s Водитель транспортонго средства, немедленно остановитесь...&/s ...прижмитесь к обочине и заглушите двигатель, руки оставьте на руле." length is too long.
[22:17:56] RegisterCommand Error: Command "/m Водитель транспортонго средства, немедленно остановитесь...&/m ...прижмитесь к обочине и заглушите двигатель, руки оставьте на руле.&/m При неподчинении будут предприняты суровые меры по остановке." length is too long.
[22:17:56] RegisterCommand Error: Command "/do В кармане джинс лежит пульт дистанционного управления.&/me достал пульт из кармана джинс и нажатием кнопки активировал его.&Хм... работает." length is too long.
[22:17:56] RegisterCommand Error: Command "/do В кармане джинс лежит пульт дистанционного управления.&/me достал пульт из кармана джинс и нажатием кнопки активировал его.&Хм... работает." length is too long.
[22:18:03] RegisterCommand Error: Command "OPEN" already exists.
[22:18:03] RegisterCommand Error: Command "FBI" already exists.
[22:18:03] RegisterCommand Error: Command "MEGSP" already exists.
[22:18:03] RegisterCommand Error: Command "MEG" already exists.
[22:18:03] RegisterCommand Error: Command "DOR" already exists.
[22:18:03] RegisterCommand Error: Command "/s Водитель транспортонго средства, немедленно остановитесь...&/s ...прижмитесь к обочине и заглушите двигатель, руки оставьте на руле." length is too long.
[22:18:03] RegisterCommand Error: Command "/m Водитель транспортонго средства, немедленно остановитесь...&/m ...прижмитесь к обочине и заглушите двигатель, руки оставьте на руле.&/m При неподчинении будут предприняты суровые меры по остановке." length is too long.
[22:18:03] RegisterCommand Error: Command "/do В кармане джинс лежит пульт дистанционного управления.&/me достал пульт из кармана джинс и нажатием кнопки активировал его.&Хм... работает." length is too long.
[22:18:03] RegisterCommand Error: Command "/do В кармане джинс лежит пульт дистанционного управления.&/me достал пульт из кармана джинс и нажатием кнопки активировал его.&Хм... работает." length is too long.
[22:20:51] RegisterCommand Error: Command "OPEN" already exists.
[22:20:51] RegisterCommand Error: Command "FBI" already exists.
[22:20:51] RegisterCommand Error: Command "MEGSP" already exists.
[22:20:51] RegisterCommand Error: Command "MEG" already exists.
[22:20:51] RegisterCommand Error: Command "DOR" already exists.
[22:20:51] RegisterCommand Error: Command "/s Водитель транспортонго средства, немедленно остановитесь...&/s ...прижмитесь к обочине и заглушите двигатель, руки оставьте на руле." length is too long.
[22:20:51] RegisterCommand Error: Command "/m Водитель транспортонго средства, немедленно остановитесь...&/m ...прижмитесь к обочине и заглушите двигатель, руки оставьте на руле.&/m При неподчинении будут предприняты суровые меры по остановке." length is too long.
[22:20:51] RegisterCommand Error: Command "/do В кармане джинс лежит пульт дистанционного управления.&/me достал пульт из кармана джинс и нажатием кнопки активировал его.&Хм... работает." length is too long.
[22:20:51] RegisterCommand Error: Command "/do В кармане джинс лежит пульт дистанционного управления.&/me достал пульт из кармана джинс и нажатием кнопки активировал его.&Хм... работает." length is too long.
[22:21:30] RegisterCommand Error: Command "OPEN" already exists.
[22:21:30] RegisterCommand Error: Command "FBI" already exists.
[22:21:30] RegisterCommand Error: Command "MEGSP" already exists.
[22:21:30] RegisterCommand Error: Command "MEG" already exists.
[22:21:30] RegisterCommand Error: Command "DOR" already exists.
[22:21:30] RegisterCommand Error: Command "/s Водитель транспортонго средства, немедленно остановитесь...&/s ...прижмитесь к обочине и заглушите двигатель, руки оставьте на руле." length is too long.
[22:21:30] RegisterCommand Error: Command "/m Водитель транспортонго средства, немедленно остановитесь...&/m ...прижмитесь к обочине и заглушите двигатель, руки оставьте на руле.&/m При неподчинении будут предприняты суровые меры по остановке." length is too long.
[22:21:30] RegisterCommand Error: Command "/do В кармане джинс лежит пульт дистанционного управления.&/me достал пульт из кармана джинс и нажатием кнопки активировал его.&Хм... работает." length is too long.
[22:21:30] RegisterCommand Error: Command "/do В кармане джинс лежит пульт дистанционного управления.&/me достал пульт из кармана джинс и нажатием кнопки активировал его.&Хм... работает." length is too long.
[22:23:57] RegisterCommand Error: Command "OPEN" already exists.
[22:23:57] RegisterCommand Error: Command "FBI" already exists.
[22:23:57] RegisterCommand Error: Command "MEGSP" already exists.
[22:23:57] RegisterCommand Error: Command "MEG" already exists.
[22:23:57] RegisterCommand Error: Command "DOR" already exists.
[22:23:57] RegisterCommand Error: Command "/s Водитель транспортонго средства, немедленно остановитесь...&/s ...прижмитесь к обочине и заглушите двигатель, руки оставьте на руле." length is too long.
[22:23:57] RegisterCommand Error: Command "/m Водитель транспортонго средства, немедленно остановитесь...&/m ...прижмитесь к обочине и заглушите двигатель, руки оставьте на руле.&/m При неподчинении будут предприняты суровые меры по остановке." length is too long.
[22:23:57] RegisterCommand Error: Command "/do В кармане джинс лежит пульт дистанционного управления.&/me достал пульт из кармана джинс и нажатием кнопки активировал его.&Хм... работает." length is too long.
[22:23:57] RegisterCommand Error: Command "/do В кармане джинс лежит пульт дистанционного управления.&/me достал пульт из кармана джинс и нажатием кнопки активировал его.&Хм... работает." length is too long.
[22:24:44] RegisterCommand Error: Command "OPEN" already exists.
[22:24:44] RegisterCommand Error: Command "FBI" already exists.
[22:24:44] RegisterCommand Error: Command "MEGSP" already exists.
[22:24:44] RegisterCommand Error: Command "MEG" already exists.
[22:24:44] RegisterCommand Error: Command "DOR" already exists.
[22:24:44] RegisterCommand Error: Command "/s Водитель транспортонго средства, немедленно остановитесь...&/s ...прижмитесь к обочине и заглушите двигатель, руки оставьте на руле." length is too long.
[22:24:44] RegisterCommand Error: Command "/m Водитель транспортонго средства, немедленно остановитесь...&/m ...прижмитесь к обочине и заглушите двигатель, руки оставьте на руле.&/m При неподчинении будут предприняты суровые меры по остановке." length is too long.
[22:24:44] RegisterCommand Error: Command "/do В кармане джинс лежит пульт дистанционного управления.&/me достал пульт из кармана джинс и нажатием кнопки активировал его.&Хм... работает." length is too long.
[22:24:44] RegisterCommand Error: Command "/do В кармане джинс лежит пульт дистанционного управления.&/me достал пульт из кармана джинс и нажатием кнопки активировал его.&Хм... работает." length is too long.
[22:25:22] RegisterCommand Error: Command "OPEN" already exists.
[22:25:22] RegisterCommand Error: Command "FBI" already exists.
[22:25:22] RegisterCommand Error: Command "MEGSP" already exists.
[22:25:22] RegisterCommand Error: Command "MEG" already exists.
[22:25:22] RegisterCommand Error: Command "DOR" already exists.
[22:25:22] RegisterCommand Error: Command "/s Водитель транспортонго средства, немедленно остановитесь...&/s ...прижмитесь к обочине и заглушите двигатель, руки оставьте на руле." length is too long.
[22:25:22] RegisterCommand Error: Command "/m Водитель транспортонго средства, немедленно остановитесь...&/m ...прижмитесь к обочине и заглушите двигатель, руки оставьте на руле.&/m При неподчинении будут предприняты суровые меры по остановке." length is too long.
[22:25:22] RegisterCommand Error: Command "/do В кармане джинс лежит пульт дистанционного управления.&/me достал пульт из кармана джинс и нажатием кнопки активировал его.&Хм... работает." length is too long.
[22:25:22] RegisterCommand Error: Command "/do В кармане джинс лежит пульт дистанционного управления.&/me достал пульт из кармана джинс и нажатием кнопки активировал его.&Хм... работает." length is too long.
[22:26:25] RegisterCommand Error: Command "OPEN" already exists.
[22:26:25] RegisterCommand Error: Command "FBI" already exists.
[22:26:25] RegisterCommand Error: Command "MEGSP" already exists.
[22:26:25] RegisterCommand Error: Command "MEG" already exists.
[22:26:25] RegisterCommand Error: Command "DOR" already exists.
[22:26:25] RegisterCommand Error: Command "/s Водитель транспортонго средства, немедленно остановитесь...&/s ...прижмитесь к обочине и заглушите двигатель, руки оставьте на руле." length is too long.
[22:26:25] RegisterCommand Error: Command "/m Водитель транспортонго средства, немедленно остановитесь...&/m ...прижмитесь к обочине и заглушите двигатель, руки оставьте на руле.&/m При неподчинении будут предприняты суровые меры по остановке." length is too long.
[22:26:25] RegisterCommand Error: Command "/do В кармане джинс лежит пульт дистанционного управления.&/me достал пульт из кармана джинс и нажатием кнопки активировал его.&Хм... работает." length is too long.
[22:26:25] RegisterCommand Error: Command "/do В кармане джинс лежит пульт дистанционного управления.&/me достал пульт из кармана джинс и нажатием кнопки активировал его.&Хм... работает." length is too long.
[22:27:19] RegisterCommand Error: Command "OPEN" already exists.
[22:27:19] RegisterCommand Error: Command "FBI" already exists.
[22:27:19] RegisterCommand Error: Command "MEGSP" already exists.
[22:27:19] RegisterCommand Error: Command "MEG" already exists.
[22:27:19] RegisterCommand Error: Command "DOR" already exists.
[22:27:19] RegisterCommand Error: Command "/s Водитель транспортонго средства, немедленно остановитесь...&/s ...прижмитесь к обочине и заглушите двигатель, руки оставьте на руле." length is too long.
[22:27:19] RegisterCommand Error: Command "/m Водитель транспортонго средства, немедленно остановитесь...&/m ...прижмитесь к обочине и заглушите двигатель, руки оставьте на руле.&/m При неподчинении будут предприняты суровые меры по остановке." length is too long.
[22:27:19] RegisterCommand Error: Command "/do В кармане джинс лежит пульт дистанционного управления.&/me достал пульт из кармана джинс и нажатием кнопки активировал его.&Хм... работает." length is too long.
[22:27:19] RegisterCommand Error: Command "/do В кармане джинс лежит пульт дистанционного управления.&/me достал пульт из кармана джинс и нажатием кнопки активировал его.&Хм... работает." length is too long.
[22:27:31] Hook "SAMP: CNetGame::~CNetGame" installed.
[22:27:38] Uninitializing SAMPFUNCS...
[22:27:38] Exited.
